This is pdfTeX, Version 3.141592653-2.6-1.40.24 (MiKTeX 22.1) (preloaded format=latex 2022.2.14)  14 FEB 2022 15:22
entering extended mode
 restricted \write18 enabled.
 %&-line parsing enabled.
**C:/Users/CNEMAR~1/AppData/Local/Temp/RtmpeiKuAM/chunk-code-b049332b6d.txt

! Emergency stop.
<to be read again> 
                   \protect 
<*> C:/Users/CNEMAR~
                    1/AppData/Local/Temp/RtmpeiKuAM/chunk-code-b049332b6d.txt
End of file on the terminal!

 
Here is how much of TeX's memory you used:
 3 strings out of 478585
 25 string characters out of 2841123
 288762 words of memory out of 3000000
 18292 multiletter control sequences out of 15000+600000
 469259 words of font info for 28 fonts, out of 8000000 for 9000
 1141 hyphenation exceptions out of 8191
 3i,0n,0p,1b,6s stack positions out of 5000i,500n,10000p,200000b,80000s
No pages of output.
